The ``101-lazy_matrix_mul`` module
======================

Using ``lazy_matrix_mul``
-------------------

>>> lazy_matrix_mul = __import__('101-lazy_matrix_mul').lazy_matrix_mul

### Tests Starts Here
>>> lazy_matrix_mul([[1, 2], [3, 4]], [[1, 2], [3, 4]])
array([[ 7, 10],
       [15, 22]])
>>> lazy_matrix_mul([[1, 2], [3, 4]], [[1, 2]])
Traceback (most recent call last):
  File "<stdin>", line 1, in <module>
  File "/home/seifeleslam/Documents/alx/py/alx-higher_level_programming/0x07-python-test_driven_development/101-lazy_matrix_mul.py", line 26, in lazy_matrix_mul
    return np.matmul(m_a, m_b)
ValueError: matmul: Input operand 1 has a mismatch in its core dimension 0, with gufunc signature (n?,k),(k,m?)->(n?,m?) (size 1 is different from 2)
>>> lazy_matrix_mul([[1, 2], [3, 4]], [])
Traceback (most recent call last):
  File "<stdin>", line 1, in <module>
  File "/home/seifeleslam/Documents/alx/py/alx-higher_level_programming/0x07-python-test_driven_development/101-lazy_matrix_mul.py", line 26, in lazy_matrix_mul
    return np.matmul(m_a, m_b)
ValueError: matmul: Input operand 1 has a mismatch in its core dimension 0, with gufunc signature (n?,k),(k,m?)->(n?,m?) (size 0 is different from 2)
>>> lazy_matrix_mul([[]], [])
array([0.])
>>> lazy_matrix_mul([[1,2]], ["sad"])
Traceback (most recent call last):
  File "<stdin>", line 1, in <module>
  File "/home/seifeleslam/Documents/alx/py/alx-higher_level_programming/0x07-python-test_driven_development/101-lazy_matrix_mul.py", line 26, in lazy_matrix_mul
    return np.matmul(m_a, m_b)
numpy.core._exceptions._UFuncNoLoopError: ufunc 'matmul' did not contain a loop with signature matching types (dtype('int64'), dtype('<U3')) -> None
>>> lazy_matrix_mul([[1,2]], [["sad"]])
Traceback (most recent call last):
  File "<stdin>", line 1, in <module>
  File "/home/seifeleslam/Documents/alx/py/alx-higher_level_programming/0x07-python-test_driven_development/101-lazy_matrix_mul.py", line 26, in lazy_matrix_mul
    return np.matmul(m_a, m_b)
numpy.core._exceptions._UFuncNoLoopError: ufunc 'matmul' did not contain a loop with signature matching types (dtype('int64'), dtype('<U3')) -> None